<?xml version="1.0" encoding="UTF-8"?>
<testng-results ignored="0" total="1" passed="1" failed="0" skipped="0">
  <reporter-output>
  </reporter-output>
  <suite started-at="2023-11-21T13:31:00 IST" name="Default suite" finished-at="2023-11-21T13:32:11 IST" duration-ms="71355">
    <groups>
      <group name="pradeep">
        <method signature="BaseClass.testMethod1()[pri:0, instance:com.pk.test.BaseClass@60bd273d]" name="testMethod1" class="com.pk.test.BaseClass"/>
      </group> <!-- pradeep -->
    </groups>
    <test started-at="2023-11-21T13:31:00 IST" name="Default test" finished-at="2023-11-21T13:32:11 IST" duration-ms="71355">
      <class name="com.pk.test.BaseClass">
        <test-method is-config="true" signature="setUp()[pri:0, instance:com.pk.test.BaseClass@60bd273d]" started-at="2023-11-21T13:31:00 IST" name="setUp" finished-at="2023-11-21T13:31:04 IST" duration-ms="3664" status="PASS">
          <reporter-output>
          </reporter-output>
        </test-method> <!-- setUp -->
        <test-method signature="testMethod1()[pri:0, instance:com.pk.test.BaseClass@60bd273d]" started-at="2023-11-21T13:31:04 IST" name="testMethod1" finished-at="2023-11-21T13:32:11 IST" duration-ms="67466" status="PASS">
          <reporter-output>
          </reporter-output>
        </test-method> <!-- testMethod1 -->
        <test-method is-config="true" signature="tearDown()[pri:0, instance:com.pk.test.BaseClass@60bd273d]" started-at="2023-11-21T13:32:11 IST" name="tearDown" finished-at="2023-11-21T13:32:11 IST" duration-ms="121" status="PASS">
          <reporter-output>
          </reporter-output>
        </test-method> <!-- tearDown -->
      </class> <!-- com.pk.test.BaseClass -->
    </test> <!-- Default test -->
  </suite> <!-- Default suite -->
</testng-results>
